(---------------------------------------------------------------------)
(                                                                     )
(    Allegro NETLIST IN Log File                                      )
(                                                                     )
(    Drawing          : democ2.brd                                    )
(    Software Version : unreleased                                    )
(    Date/Time        : Wed Jul 17 14:36:11 2019                      )
(                                                                     )
(---------------------------------------------------------------------)


Wed Jul 17 14:36:11 2019				Page     1




Netlist File Name: 'C:\Users\user\Desktop\work\orcad\samples\layout_samples_r0~
2\layout_samples_r02\democ\democ2.txt'      Layout File Name: 'C:\Users\user\D~
esktop\work\orcad\samples\layout_samples_r02\layout_samples_r02\democ\democ2.b~
rd'

===========================================================

$PACKAGES
'SMC1206' ! 'CAP' ! '.1UF' ; C1
'SMCT603212' ! 'CAP' ! '.1UF' ; C2
                               ^
WARNING(SPMHNI-82): Package symbol 'SMCT603212' replaces device file package '~
SMC1206'.
-------------------------------------------------------------------------------
'SMCT603212' ! 'CAP' ! '.1UF' ; C3
'SMC1206' ! 'CAP_NP' ! '.1UF' ; C4
'SMC0805' ! 'CAP' ! '3300' ; C5
                            ^
WARNING(SPMHNI-82): Package symbol 'SMC0805' replaces device file package 'SMC~
1206'.
-------------------------------------------------------------------------------
'SMC1206' ! 'CAP' ! '.1UF' ; C6
'SMC0805' ! 'CAP' ! '3300' ; C7
'SMC0805' ! 'CAP' ! '3300' ; C8
'SMC1206' ! 'CAP_NP' ! '.1UF' ; C9
'SMC1206' ! 'CAP_NP' ! '.1UF' ; C10
'SMC1206' ! 'CAP_NP' ! '.1UF' ; C11
'SMC1206' ! 'CAP_NP' ! '.1UF' ; C12
'SMC1206' ! 'CAP_NP' ! '.1UF' ; C13
'SMC1206' ! 'CAP_NP' ! '.1UF' ; C14
'SMC1206' ! 'CAP_NP' ! '.1UF' ; C15
'SMC0805' ! 'CAP' ! '3300' ; C16
'SMC0805' ! 'CAP' ! '3300' ; C17
'SMC0805' ! 'CAPACITOR' ! '47PF' ; C18
'SMC0805' ! 'CAP' ! '3300' ; C19
'SMC0805' ! 'CAP' ! '3300' ; C20
'SMCT603212' ! 'CAP' ! '.1UF' ; C21
'SMCT603212' ! 'CAP' ! '.1UF' ; C22
'SMC0805' ! 'CAPACITOR' ! '47PF' ; C23
'SMC0805' ! 'CAP' ! '3300' ; C24
'SMC1206' ! 'CAP_NP' ! '.1UF' ; C25
'SMC1206' ! 'CAP_NP' ! '.1UF' ; C26
'SMC1206' ! 'CAP_NP' ! '.1UF' ; C27
'SMC1206' ! 'CAP_NP' ! '.1UF' ; C28
'LED' ! 'DIODE_PHOTO_EMIT' ! 'DIODE PHOTO EMIT' ; D1
'LED' ! 'DIODE_PHOTO_EMIT' ! 'DIODE PHOTO EMIT' ; D2
'LED' ! 'DIODE_PHOTO_EMIT' ! 'DIODE PHOTO EMIT' ; D3
'LED' ! 'DIODE_PHOTO_EMIT' ! 'DIODE PHOTO EMIT' ; D4
'DIN64P' ! '64CONSEPPINS' ! 'CON PAD' ; J1
'BNC2P' ! 'BNC' ! 'CHANNEL 1' ; J2
'BNC2P' ! 'BNC' ! 'CHANNEL 2' ; J3
'AX300X100031' ! 'INDUCTOR' ! '50' ; L1
Wed Jul 17 14:36:11 2019				Page     2




'AX300X100031' ! 'INDUCTOR' ! '50' ; L2
'AX300X100031' ! 'INDUCTOR' ! '50' ; L3
'AX300X100031' ! 'INDUCTOR' ! '50' ; L4
'AX300X100031' ! 'INDUCTOR' ! '50' ; L5
'AX300X100031' ! 'INDUCTOR' ! '50' ; L6
'MTHOLE1' ! 'MTHOLE1' ! '' ; MTH1
'MTHOLE1' ! 'MTHOLE1' ! '' ; MTH2
'MTHOLE1' ! 'MTHOLE1' ! '' ; MTH3
'SMC0805' ! 'R' ! '150' ; R1
'SMC0805' ! 'R' ! '150' ; R2
'SMR0805' ! 'R' ! '100' ; R3
                         ^
WARNING(SPMHNI-82): Package symbol 'SMR0805' replaces device file package 'SMC~
0805'.
-------------------------------------------------------------------------------
                         ^
WARNING(SPMHNI-119): Replacing 'VALUE' value '150' with '100'.
-------------------------------------------------------------------------------
'SMR0805' ! 'R' ! '100' ; R4
'SMR0805' ! 'R' ! '100' ; R5
'SMR0805' ! 'R' ! '100' ; R6
'SMR0805' ! 'R' ! '50' ; R7
                        ^
WARNING(SPMHNI-82): Package symbol 'SMR0805' replaces device file package 'SMC~
0805'.
-------------------------------------------------------------------------------
                        ^
WARNING(SPMHNI-119): Replacing 'VALUE' value '150' with '50'.
-------------------------------------------------------------------------------
'SMR0805' ! 'R' ! '50' ; R8
'SMR0805' ! 'R' ! '50' ; R9
'SMR0805' ! 'R' ! '50' ; R10
'SMC0805' ! 'R' ! '50' ; R11
                        ^
WARNING(SPMHNI-119): Replacing 'VALUE' value '150' with '50'.
-------------------------------------------------------------------------------
'SMC0805' ! 'R' ! '150' ; R12
'SMR0805' ! 'R' ! '50' ; R13
'SMR0805' ! 'R' ! '50' ; R14
'SMR0805' ! 'R' ! '50' ; R15
'SMR0805' ! 'R' ! '50' ; R16
'SMC0805' ! 'R' ! '150' ; R17
'SOJ05020WB400L550' ! 'TLC5602A' ! 'TLC5602A' ; U1
'SOJ05020WB400L550' ! 'TLC5602A' ! 'TLC5602A' ; U2
'SOJ05032WB400L850' ! 'TC56B4257J' ! 'TC55B4257J' ; U3
'SOJ05032WB400L850' ! 'TC56B4257J' ! 'TC55B4257J' ; U4
'SOG0508WG244L225' ! 'DG419A' ! 'DG419A' ; U5
'SOG0508WG244L225' ! 'DG419A' ! 'DG419A' ; U6
'DIP10024W300L1250' ! '20L10' ! '20L10' ; U7
'SOJ05032WB400L850' ! 'TC56B4257J' ! 'TC55B4257J' ; U8
'SOJ05032WB400L850' ! 'TC56B4257J' ! 'TC55B4257J' ; U9
'SOJ05032WB400L850' ! 'TC56B4257J' ! 'TC55B4257J' ; U10
Wed Jul 17 14:36:11 2019				Page     3




'SOJ05032WB400L850' ! 'TC56B4257J' ! 'TC55B4257J' ; U11
'SOJ05032WB400L850' ! 'TC56B4257J' ! 'TC55B4257J' ; U12
'SOJ05032WB400L850' ! 'TC56B4257J' ! 'TC55B4257J' ; U13
'SOJ05020WB350L550' ! 'ACT574' ! 'ACT574' ; U14
'SOJ05020WB400L550' ! 'ACT574' ! 'ACT574' ; U15
                                           ^
WARNING(SPMHNI-82): Package symbol 'SOJ05020WB400L550' replaces device file pa~
ckage 'SOJ05020WB350L550'.
-------------------------------------------------------------------------------
'PLCC84' ! 'FPGA_0' ! 'EPF8282' ; U16
'SOJ05020WB400L550' ! 'ACT574' ! 'ACT574' ; U17
'DIP1008W300L550' ! 'EPC1064' ! 'EPC1064' ; U18
'SOG02548WG420L650' ! 'FCT16245' ! 'FCT16245' ; U19
'SOG02548WG420L650' ! 'FCT16245' ! 'FCT16245' ; U20
'SOG02548WG420L650' ! 'FCT16245' ! 'FCT16245' ; U21
'TO-99' ! 'TLE2037A' ! 'TLE2037A' ; U22
'TO-99' ! 'TLE2037A' ! 'TLE2037A' ; U23
'SOJ05020WB350L550' ! '74ACT574' ! '74ACT574' ; U25
$NETS
'A0' ; U19.47 J1.54
'A1' ; U19.46 J1.55
'A2' ; U19.44 J1.56
'A3' ; U19.43 J1.57
'A4' ; U19.41 J1.58
'A5' ; U19.40 J1.59
'A6' ; U19.38 J1.60
'A7' ; U19.37 J1.61
'A8' ; U21.47 J1.13
'A9' ; U21.46 J1.14
'A10' ; U21.44 J1.15
'A11' ; U21.43 J1.16
'A12' ; U21.41 J1.17
'A13' ; U21.40 J1.18
'A14' ; U21.38 J1.19
'A15' ; U21.37 J1.20
'A16' ; U20.36 J1.37
'A17' ; U20.35 J1.38
'A18' ; U20.33 U7.6 J1.39
'A19' ; U20.32 U7.5 J1.40
'A20' ; U20.30 U7.4 J1.41
'A21' ; U20.29 U7.3 J1.42
'A22' ; U20.27 J1.43 U7.2
'A23' ; U20.26 J1.44 U7.1
'AEN/' ; J1.47 U7.8
'AGND' ; J1.1 J1.33 J1.2 C21.2 U2.7 U2.10,
 U2.3 C22.2 U1.3 U1.7 U1.10 U6.3 C6.2,
 U5.3 C1.2
'BA0' ; U21.2 U20.13 U19.2 U16.6
'BA1' ; U21.3 U20.14 U19.3 U16.7
'BA2' ; U21.5 U20.16 U19.5 U16.8
'BA3' ; U21.6 U20.17 U19.6 U16.9
'BD0' ; U19.13 U16.25
Wed Jul 17 14:36:11 2019				Page     4




'BD1' ; U19.14 U16.24
'BD2' ; U19.16 U16.23
'BD3' ; U19.17 U16.22
'BD4' ; U19.19 U16.21
'BD5' ; U19.20 U16.20
'BD6' ; U19.22 U16.19
'BD7' ; U19.23 U16.18
'BD8' ; U21.23 U20.2
'BD9' ; U21.22 U20.3
'BD10' ; U21.20 U20.5
'BD11' ; U21.19 U20.6
'BD12' ; U21.17 U20.8
'BD13' ; U21.16 U20.9
'BD14' ; U20.11 U21.14
'BD15' ; U21.13 U20.12
'BRD/' ; U7.15 U16.73
'BRESET' ; U7.14 U16.12
'BWR/' ; U7.16 U16.54
'D0' ; U19.26 U21.26 J1.28
'D1' ; U19.27 U21.27 J1.27
'D2' ; U19.29 J1.26 U21.29
'D3' ; U19.30 U21.30 J1.25
'D4' ; U19.32 U21.32 J1.24
'D5' ; U19.33 J1.23 U21.33
'D6' ; U20.47 J1.4 U21.35 U19.35 J1.22
'D7' ; U19.36 U21.36 J1.21
'D9' ; U20.46 J1.5
'D10' ; J1.6 U20.44
'D11' ; U20.43 J1.7
'D12' ; U20.41 J1.8
'D13' ; U20.40 J1.9
'D14' ; U20.38 J1.10
'D15' ; U20.37 J1.11
'DDIR' ; U7.19 U20.1 U21.24 U19.24
'DEN/' ; U20.48 U7.20 U19.25
'DHEN/' ; U7.21 U21.25
'FPGA/' ; U7.17 U16.30
'GAIN' ; U5.6 U6.6 U16.28
'GND' ; U10.27 C12.2 U11.27 C14.2 U3.27 C13.2,
 U4.27 C4.2 C28.2 U12.27 U8.27 C27.2 U13.27,
 C26.2 U9.27 C25.2 U16.75 U16.74 U25.10 U19.1,
 U19.4 U19.10 U19.15 U19.21 U16.53 U19.39 U19.34,
 U19.28 U19.45 U19.48 C10.2 C9.2 U21.4 U21.1,
 U21.10 U21.15 U21.21 U20.24 U20.21 U20.15 U20.10,
 U20.4 U20.45 U20.39 U20.34 U20.28 U20.25 C15.2,
 C11.2 U21.48 U21.45 U21.39 U21.34 U21.28 U7.12,
 U7.11 U7.13 U17.10 U15.1 U15.10 C17.2 C16.2,
 C8.2 C5.2 C19.2 C20.2 C24.2 C7.2 J1.35,
 J1.34 J1.3 J1.36 U14.10 U17.1 U14.1 U1.1,
 C3.2 U1.20 U2.1 C2.2 U2.20 U16.17
'GND_EARTH' ; C23.2 J2.2 C18.2 J3.2
'HS/' ; U7.18 U16.29
Wed Jul 17 14:36:11 2019				Page     5




'MCLK' ; J1.52 U16.31
'MRD/' ; J1.46 U7.9
'MWR/' ; J1.45 U7.10
'N00036' ; U5.5 R6.1 R5.1 L2.2 U2.5 U2.8
'N00036_6360' ; R4.1 L6.2 U6.5 R3.1 U1.5 U1.8
'N00038' ; U2.4 C22.1 L5.2
'N00038_6372' ; U1.4 C21.1 L3.2
'N00044' ; U22.2 U5.1
'N00044_6366' ; U23.2 U6.1
'N00046' ; U5.8 R5.2
'N00046_6362' ; U6.8 R4.2
'N00048' ; R6.2 U5.2
'N00048_6359' ; R3.2 U6.2
'N00060' ; U2.6 U22.3
'N00060_6368' ; U1.6 U23.3
'N00306' ; U1.12 U15.19
'N00318' ; U1.15 U15.16
'N00322' ; U1.16 U15.15
'N00671' ; C19.1 R16.1
'N00689' ; C5.1 R10.1
'N00703' ; C8.1 R8.1
'N00717' ; C16.1 R9.1
'N00827' ; C17.1 R15.1
'N00831' ; C20.1 R14.1
'N00835' ; C24.1 R13.1
'N00837' ; C7.1 R7.1
'N04966' ; L3.1 L5.1
'N05690' ; U2.12 U17.19
'N05692' ; U2.18 U17.13
'N05694' ; U2.13 U17.18
'N05696' ; U2.19 U17.12
'N05698' ; U2.17 U17.14
'N05700' ; U2.14 U17.17
'N05702' ; U2.15 U17.16
'N05704' ; U2.16 U17.15
'N11940' ; U1.13 U15.18
'N11950' ; U1.14 U15.17
'N11984' ; U1.17 U15.14
'N11994' ; U1.18 U15.13
'N12004' ; U1.19 U15.12
'N19706' ; R1.1 U14.18
'N19710' ; R2.1 U14.16
'N19714' ; R17.1 U14.14
'N19718' ; R12.1 U14.12
'N19934' ; D4.2 R12.2
'N19938' ; D3.2 R17.2
'N19942' ; D1.2 R2.2
'N23417' ; U13.6 U10.6 U16.48
'N23878' ; R11.1 U16.36
'N24816' ; U16.14 U18.1
'N24821' ; U16.10 U18.2
'N24826' ; U18.4 U16.11 U18.3
Wed Jul 17 14:36:11 2019				Page     6




'N84247' ; U21.12 U19.9 U21.9 U20.22
'N103899' ; U19.8 U19.12 U21.11 U21.8 U20.23 U20.19
'N255822' ; D2.2 R1.2
'N314771' ; U3.6 U4.6 U16.51
'N315146' ; U9.6 U11.6 U16.50
'N315333' ; U8.6 U12.6 U16.49
'N320476' ; U3.11 U4.11 U10.11 U11.11 U12.11 U8.11,
 U13.11 U9.11 U16.57
'N336036' ; C23.1 L1.2 J2.1
'N336041' ; C18.1 L4.2 J3.1
'OUTA' ; U23.6 L1.1
'OUTC' ; U22.6 L4.1
'RA0' ; U3.5 U4.5 U10.5 U11.5 U12.5 U8.5,
 U13.5 U9.5 U16.58
'RA1' ; U3.4 U4.4 U10.4 U11.4 U12.4 U8.4,
 U13.4 U9.4 U16.60
'RA2' ; U3.3 U4.3 U10.3 U11.3 U12.3 U8.3,
 U13.3 U9.3 U16.61
'RA3' ; U3.2 U4.2 U10.2 U11.2 U12.2 U8.2,
 U13.2 U9.2 U16.62
'RA4' ; U3.32 U4.32 U10.32 U11.32 U12.32 U8.32,
 U13.32 U9.32 U16.63
'RA5' ; U3.31 U4.31 U10.31 U11.31 U12.31 U8.31,
 U13.31 U9.31 U16.64
'RA6' ; U3.30 U4.30 U10.30 U11.30 U12.30 U8.30,
 U13.30 U9.30 U16.65
'RA7' ; U3.29 U4.29 U10.29 U11.29 U12.29 U8.29,
 U13.29 U9.29 U16.66
'RA8' ; U3.28 U4.28 U10.28 U11.28 U12.28 U8.28,
 U13.28 U9.28 U16.67
'RA9' ; U3.22 U4.22 U10.22 U11.22 U12.22 U8.22,
 U13.22 U9.22 U16.69
'RA10' ; U3.21 U4.21 U10.21 U11.21 U12.21 U8.21,
 U13.21 U9.21 U16.70
'RA11' ; U3.20 U4.20 U10.20 U11.20 U12.20 U8.20,
 U13.20 U9.20 U16.71
'RA12' ; U3.19 U4.19 U10.19 U11.19 U12.19 U8.19,
 U13.19 U9.19 U16.76
'RA13' ; U3.18 U4.18 U10.18 U11.18 U12.18 U8.18,
 U13.18 U9.18 U16.77
'RA14' ; U3.15 U4.15 U10.15 U11.15 U12.15 U8.15,
 U13.15 U9.15 U16.78
'RA15' ; U3.14 U4.14 U10.14 U11.14 U12.14 U8.14,
 U13.14 U9.14 U16.79
'RD0' ; U10.26 U8.26 U4.26 U9.26 U16.81
'RD1' ; U8.23 U10.23 U9.23 U4.23 U16.82
'RD2' ; U8.10 U10.10 U9.10 U4.10 U16.83
'RD3' ; U8.7 U10.7 U9.7 U4.7 U16.84
'RD4' ; U11.26 U12.26 U3.26 U13.26 U16.1
'RD5' ; U11.23 U12.23 U3.23 U13.23 U16.2
'RD6' ; U12.10 U11.10 U13.10 U3.10 U16.3
'RD7' ; U12.7 U11.7 U13.7 U3.7 U16.4
Wed Jul 17 14:36:11 2019				Page     7




'RDY/' ; J1.50 U7.22
'RESET/' ; J1.53 U16.15
'SEL' ; U7.23 U16.13
'V+12' ; J1.63 J1.64 U22.7 C1.1 U5.4 U6.4,
 C6.1 U23.7
'V12N' ; U23.4 U6.7 U22.4 U5.7 J1.31 J1.32
'VCC' ; D3.1 D4.1 D1.1 D2.1 J1.30 J1.62,
 J1.29 U16.16 U16.80 U20.7 C15.1 U20.18 U20.42,
 U20.31 C11.1 U21.7 U2.2 U2.9 L2.1 C3.1,
 L6.1 U1.2 U1.9 C2.1 U15.20 U17.20 U14.20,
 U7.24 U25.20 U21.18 U21.42 U21.31 C10.1 U19.7,
 U19.18 C9.1 U19.31 U19.42 U16.52 U16.72 C27.1,
 C26.1 C25.1 C28.1 C13.1 C4.1 C12.1 C14.1
'VCLKA' ; U1.11 U15.11 U2.11 U16.34
'VCLKC' ; U17.11 R11.2
'VD0' ; U15.2 R7.2 U17.2 U14.2 U16.39
'VD1' ; U15.3 R13.2 U17.3 U14.3 U16.40
'VD2' ; U15.4 R14.2 U17.4 U14.4 U16.41
'VD3' ; U15.5 R15.2 U17.5 U14.5 U16.42
'VD4' ; U15.6 R9.2 U17.6 U14.6 U16.43
'VD5' ; U15.7 R8.2 U17.7 U14.7 U16.44
'VD6' ; U15.8 R10.2 U17.8 U14.8 U16.45
'VD7' ; U15.9 R16.2 U17.9 U14.9 U16.46
'WAIT/' ; J1.51 U16.33
'WSTAT/' ; U16.56 U14.11
$A_PROPERTIES
$END

===========================================================
End of NETLIST IN Syntax/Logic Check
===========================================================

Total Netlist Warnings =  8.
Total Netlist Errors   =  0.
Wed Jul 17 14:36:11 2019				Page     1

Parsing device file: 'C:/Users/user/Desktop/work/orcad/samples/layout_samples_r02/layout_samples_r02/democ/cap.txt'.


(DEVICE DESCRIPTION FILE: CAP)
PACKAGE SMC1206
PACKAGEPROP HEIGHT '1.0000000'
PACKAGEPROP ALT_SYMBOLS '(SMCT603212;SMC0805)'
CLASS IC
PINCOUNT 2
END
Wed Jul 17 14:36:11 2019				Page     2

Parsing device file: 'C:/Users/user/Desktop/work/orcad/samples/layout_samples_r02/layout_samples_r02/democ/cap.txt'.


(DEVICE DESCRIPTION FILE: CAP)
PACKAGE SMC1206
PACKAGEPROP HEIGHT '1.0000000'
PACKAGEPROP ALT_SYMBOLS '(SMCT603212;SMC0805)'
CLASS IC
PINCOUNT 2
END
Wed Jul 17 14:36:11 2019				Page     3

Parsing device file: 'C:/Users/user/Desktop/work/orcad/samples/layout_samples_r02/layout_samples_r02/democ/cap.txt'.


(DEVICE DESCRIPTION FILE: CAP)
PACKAGE SMC1206
PACKAGEPROP HEIGHT '1.0000000'
PACKAGEPROP ALT_SYMBOLS '(SMCT603212;SMC0805)'
CLASS IC
PINCOUNT 2
END
Wed Jul 17 14:36:11 2019				Page     4

Parsing device file: 'C:/Users/user/Desktop/work/orcad/samples/layout_samples_r02/layout_samples_r02/democ/cap_np.txt'.


(DEVICE DESCRIPTION FILE: CAP_NP)
PACKAGE SMC1206
PACKAGEPROP HEIGHT '1.0000000'
CLASS IC
PINCOUNT 2
END
Wed Jul 17 14:36:11 2019				Page     5

Parsing device file: 'C:/Users/user/Desktop/work/orcad/samples/layout_samples_r02/layout_samples_r02/democ/cap.txt'.


(DEVICE DESCRIPTION FILE: CAP)
PACKAGE SMC1206
PACKAGEPROP HEIGHT '1.0000000'
PACKAGEPROP ALT_SYMBOLS '(SMCT603212;SMC0805)'
CLASS IC
PINCOUNT 2
END
Wed Jul 17 14:36:11 2019				Page     6

Parsing device file: 'C:/Users/user/Desktop/work/orcad/samples/layout_samples_r02/layout_samples_r02/democ/cap.txt'.


(DEVICE DESCRIPTION FILE: CAP)
PACKAGE SMC1206
PACKAGEPROP HEIGHT '1.0000000'
PACKAGEPROP ALT_SYMBOLS '(SMCT603212;SMC0805)'
CLASS IC
PINCOUNT 2
END
Wed Jul 17 14:36:11 2019				Page     7

Parsing device file: 'C:/Users/user/Desktop/work/orcad/samples/layout_samples_r02/layout_samples_r02/democ/cap.txt'.


(DEVICE DESCRIPTION FILE: CAP)
PACKAGE SMC1206
PACKAGEPROP HEIGHT '1.0000000'
PACKAGEPROP ALT_SYMBOLS '(SMCT603212;SMC0805)'
CLASS IC
PINCOUNT 2
END
Wed Jul 17 14:36:11 2019				Page     8

Parsing device file: 'C:/Users/user/Desktop/work/orcad/samples/layout_samples_r02/layout_samples_r02/democ/cap.txt'.


(DEVICE DESCRIPTION FILE: CAP)
PACKAGE SMC1206
PACKAGEPROP HEIGHT '1.0000000'
PACKAGEPROP ALT_SYMBOLS '(SMCT603212;SMC0805)'
CLASS IC
PINCOUNT 2
END
Wed Jul 17 14:36:11 2019				Page     9

Parsing device file: 'C:/Users/user/Desktop/work/orcad/samples/layout_samples_r02/layout_samples_r02/democ/cap_np.txt'.


(DEVICE DESCRIPTION FILE: CAP_NP)
PACKAGE SMC1206
PACKAGEPROP HEIGHT '1.0000000'
CLASS IC
PINCOUNT 2
END
Wed Jul 17 14:36:11 2019				Page    10

Parsing device file: 'C:/Users/user/Desktop/work/orcad/samples/layout_samples_r02/layout_samples_r02/democ/cap_np.txt'.


(DEVICE DESCRIPTION FILE: CAP_NP)
PACKAGE SMC1206
PACKAGEPROP HEIGHT '1.0000000'
CLASS IC
PINCOUNT 2
END
Wed Jul 17 14:36:11 2019				Page    11

Parsing device file: 'C:/Users/user/Desktop/work/orcad/samples/layout_samples_r02/layout_samples_r02/democ/cap_np.txt'.


(DEVICE DESCRIPTION FILE: CAP_NP)
PACKAGE SMC1206
PACKAGEPROP HEIGHT '1.0000000'
CLASS IC
PINCOUNT 2
END
Wed Jul 17 14:36:11 2019				Page    12

Parsing device file: 'C:/Users/user/Desktop/work/orcad/samples/layout_samples_r02/layout_samples_r02/democ/cap_np.txt'.


(DEVICE DESCRIPTION FILE: CAP_NP)
PACKAGE SMC1206
PACKAGEPROP HEIGHT '1.0000000'
CLASS IC
PINCOUNT 2
END
Wed Jul 17 14:36:11 2019				Page    13

Parsing device file: 'C:/Users/user/Desktop/work/orcad/samples/layout_samples_r02/layout_samples_r02/democ/cap_np.txt'.


(DEVICE DESCRIPTION FILE: CAP_NP)
PACKAGE SMC1206
PACKAGEPROP HEIGHT '1.0000000'
CLASS IC
PINCOUNT 2
END
Wed Jul 17 14:36:11 2019				Page    14

Parsing device file: 'C:/Users/user/Desktop/work/orcad/samples/layout_samples_r02/layout_samples_r02/democ/cap_np.txt'.


(DEVICE DESCRIPTION FILE: CAP_NP)
PACKAGE SMC1206
PACKAGEPROP HEIGHT '1.0000000'
CLASS IC
PINCOUNT 2
END
Wed Jul 17 14:36:11 2019				Page    15

Parsing device file: 'C:/Users/user/Desktop/work/orcad/samples/layout_samples_r02/layout_samples_r02/democ/cap_np.txt'.


(DEVICE DESCRIPTION FILE: CAP_NP)
PACKAGE SMC1206
PACKAGEPROP HEIGHT '1.0000000'
CLASS IC
PINCOUNT 2
END
Wed Jul 17 14:36:11 2019				Page    16

Parsing device file: 'C:/Users/user/Desktop/work/orcad/samples/layout_samples_r02/layout_samples_r02/democ/cap.txt'.


(DEVICE DESCRIPTION FILE: CAP)
PACKAGE SMC1206
PACKAGEPROP HEIGHT '1.0000000'
PACKAGEPROP ALT_SYMBOLS '(SMCT603212;SMC0805)'
CLASS IC
PINCOUNT 2
END
Wed Jul 17 14:36:11 2019				Page    17

Parsing device file: 'C:/Users/user/Desktop/work/orcad/samples/layout_samples_r02/layout_samples_r02/democ/cap.txt'.


(DEVICE DESCRIPTION FILE: CAP)
PACKAGE SMC1206
PACKAGEPROP HEIGHT '1.0000000'
PACKAGEPROP ALT_SYMBOLS '(SMCT603212;SMC0805)'
CLASS IC
PINCOUNT 2
END
Wed Jul 17 14:36:11 2019				Page    18

Parsing device file: 'C:/Users/user/Desktop/work/orcad/samples/layout_samples_r02/layout_samples_r02/democ/capacitor.txt'.


(DEVICE DESCRIPTION FILE: CAPACITOR)
PACKAGE SMC0805
PACKAGEPROP VALUE '47PF'
PACKAGEPROP HEIGHT '1.0000000'
CLASS IC
PINCOUNT 2
END
Wed Jul 17 14:36:11 2019				Page    19

Parsing device file: 'C:/Users/user/Desktop/work/orcad/samples/layout_samples_r02/layout_samples_r02/democ/cap.txt'.


(DEVICE DESCRIPTION FILE: CAP)
PACKAGE SMC1206
PACKAGEPROP HEIGHT '1.0000000'
PACKAGEPROP ALT_SYMBOLS '(SMCT603212;SMC0805)'
CLASS IC
PINCOUNT 2
END
Wed Jul 17 14:36:11 2019				Page    20

Parsing device file: 'C:/Users/user/Desktop/work/orcad/samples/layout_samples_r02/layout_samples_r02/democ/cap.txt'.


(DEVICE DESCRIPTION FILE: CAP)
PACKAGE SMC1206
PACKAGEPROP HEIGHT '1.0000000'
PACKAGEPROP ALT_SYMBOLS '(SMCT603212;SMC0805)'
CLASS IC
PINCOUNT 2
END
Wed Jul 17 14:36:11 2019				Page    21

Parsing device file: 'C:/Users/user/Desktop/work/orcad/samples/layout_samples_r02/layout_samples_r02/democ/cap.txt'.


(DEVICE DESCRIPTION FILE: CAP)
PACKAGE SMC1206
PACKAGEPROP HEIGHT '1.0000000'
PACKAGEPROP ALT_SYMBOLS '(SMCT603212;SMC0805)'
CLASS IC
PINCOUNT 2
END
Wed Jul 17 14:36:11 2019				Page    22

Parsing device file: 'C:/Users/user/Desktop/work/orcad/samples/layout_samples_r02/layout_samples_r02/democ/cap.txt'.


(DEVICE DESCRIPTION FILE: CAP)
PACKAGE SMC1206
PACKAGEPROP HEIGHT '1.0000000'
PACKAGEPROP ALT_SYMBOLS '(SMCT603212;SMC0805)'
CLASS IC
PINCOUNT 2
END
Wed Jul 17 14:36:11 2019				Page    23

Parsing device file: 'C:/Users/user/Desktop/work/orcad/samples/layout_samples_r02/layout_samples_r02/democ/capacitor.txt'.


(DEVICE DESCRIPTION FILE: CAPACITOR)
PACKAGE SMC0805
PACKAGEPROP VALUE '47PF'
PACKAGEPROP HEIGHT '1.0000000'
CLASS IC
PINCOUNT 2
END
Wed Jul 17 14:36:11 2019				Page    24

Parsing device file: 'C:/Users/user/Desktop/work/orcad/samples/layout_samples_r02/layout_samples_r02/democ/cap.txt'.


(DEVICE DESCRIPTION FILE: CAP)
PACKAGE SMC1206
PACKAGEPROP HEIGHT '1.0000000'
PACKAGEPROP ALT_SYMBOLS '(SMCT603212;SMC0805)'
CLASS IC
PINCOUNT 2
END
Wed Jul 17 14:36:11 2019				Page    25

Parsing device file: 'C:/Users/user/Desktop/work/orcad/samples/layout_samples_r02/layout_samples_r02/democ/cap_np.txt'.


(DEVICE DESCRIPTION FILE: CAP_NP)
PACKAGE SMC1206
PACKAGEPROP HEIGHT '1.0000000'
CLASS IC
PINCOUNT 2
END
Wed Jul 17 14:36:11 2019				Page    26

Parsing device file: 'C:/Users/user/Desktop/work/orcad/samples/layout_samples_r02/layout_samples_r02/democ/cap_np.txt'.


(DEVICE DESCRIPTION FILE: CAP_NP)
PACKAGE SMC1206
PACKAGEPROP HEIGHT '1.0000000'
CLASS IC
PINCOUNT 2
END
Wed Jul 17 14:36:11 2019				Page    27

Parsing device file: 'C:/Users/user/Desktop/work/orcad/samples/layout_samples_r02/layout_samples_r02/democ/cap_np.txt'.


(DEVICE DESCRIPTION FILE: CAP_NP)
PACKAGE SMC1206
PACKAGEPROP HEIGHT '1.0000000'
CLASS IC
PINCOUNT 2
END
Wed Jul 17 14:36:11 2019				Page    28

Parsing device file: 'C:/Users/user/Desktop/work/orcad/samples/layout_samples_r02/layout_samples_r02/democ/cap_np.txt'.


(DEVICE DESCRIPTION FILE: CAP_NP)
PACKAGE SMC1206
PACKAGEPROP HEIGHT '1.0000000'
CLASS IC
PINCOUNT 2
END
Wed Jul 17 14:36:11 2019				Page    29

Parsing device file: 'C:/Users/user/Desktop/work/orcad/samples/layout_samples_r02/layout_samples_r02/democ/diode_photo_emit.txt'.


(DEVICE DESCRIPTION FILE: DIODE_PHOTO_EMIT)
PACKAGE LED
PACKAGEPROP HEIGHT '1.0000000'
CLASS IC
PINCOUNT 2
END
Wed Jul 17 14:36:11 2019				Page    30

Parsing device file: 'C:/Users/user/Desktop/work/orcad/samples/layout_samples_r02/layout_samples_r02/democ/diode_photo_emit.txt'.


(DEVICE DESCRIPTION FILE: DIODE_PHOTO_EMIT)
PACKAGE LED
PACKAGEPROP HEIGHT '1.0000000'
CLASS IC
PINCOUNT 2
END
Wed Jul 17 14:36:11 2019				Page    31

Parsing device file: 'C:/Users/user/Desktop/work/orcad/samples/layout_samples_r02/layout_samples_r02/democ/diode_photo_emit.txt'.


(DEVICE DESCRIPTION FILE: DIODE_PHOTO_EMIT)
PACKAGE LED
PACKAGEPROP HEIGHT '1.0000000'
CLASS IC
PINCOUNT 2
END
Wed Jul 17 14:36:11 2019				Page    32

Parsing device file: 'C:/Users/user/Desktop/work/orcad/samples/layout_samples_r02/layout_samples_r02/democ/diode_photo_emit.txt'.


(DEVICE DESCRIPTION FILE: DIODE_PHOTO_EMIT)
PACKAGE LED
PACKAGEPROP HEIGHT '1.0000000'
CLASS IC
PINCOUNT 2
END
Wed Jul 17 14:36:11 2019				Page    33

Parsing device file: 'C:/Users/user/Desktop/work/orcad/samples/layout_samples_r02/layout_samples_r02/democ/64conseppins.txt'.


(DEVICE DESCRIPTION FILE: 64CONSEPPINS)
PACKAGE DIN64P
PACKAGEPROP HEIGHT '1.0000000'
CLASS IC
PINCOUNT 66
END
Wed Jul 17 14:36:11 2019				Page    34

Parsing device file: 'C:/Users/user/Desktop/work/orcad/samples/layout_samples_r02/layout_samples_r02/democ/bnc.txt'.


(DEVICE DESCRIPTION FILE: BNC)
PACKAGE BNC2P
PACKAGEPROP HEIGHT '1.0000000'
CLASS IC
PINCOUNT 4
END
Wed Jul 17 14:36:11 2019				Page    35

Parsing device file: 'C:/Users/user/Desktop/work/orcad/samples/layout_samples_r02/layout_samples_r02/democ/bnc.txt'.


(DEVICE DESCRIPTION FILE: BNC)
PACKAGE BNC2P
PACKAGEPROP HEIGHT '1.0000000'
CLASS IC
PINCOUNT 4
END
Wed Jul 17 14:36:11 2019				Page    36

Parsing device file: 'C:/Users/user/Desktop/work/orcad/samples/layout_samples_r02/layout_samples_r02/democ/inductor.txt'.


(DEVICE DESCRIPTION FILE: INDUCTOR)
PACKAGE AX300X100031
PACKAGEPROP VALUE '50'
PACKAGEPROP HEIGHT '1.0000000'
CLASS IC
PINCOUNT 2
END
Wed Jul 17 14:36:11 2019				Page    37

Parsing device file: 'C:/Users/user/Desktop/work/orcad/samples/layout_samples_r02/layout_samples_r02/democ/inductor.txt'.


(DEVICE DESCRIPTION FILE: INDUCTOR)
PACKAGE AX300X100031
PACKAGEPROP VALUE '50'
PACKAGEPROP HEIGHT '1.0000000'
CLASS IC
PINCOUNT 2
END
Wed Jul 17 14:36:11 2019				Page    38

Parsing device file: 'C:/Users/user/Desktop/work/orcad/samples/layout_samples_r02/layout_samples_r02/democ/inductor.txt'.


(DEVICE DESCRIPTION FILE: INDUCTOR)
PACKAGE AX300X100031
PACKAGEPROP VALUE '50'
PACKAGEPROP HEIGHT '1.0000000'
CLASS IC
PINCOUNT 2
END
Wed Jul 17 14:36:11 2019				Page    39

Parsing device file: 'C:/Users/user/Desktop/work/orcad/samples/layout_samples_r02/layout_samples_r02/democ/inductor.txt'.


(DEVICE DESCRIPTION FILE: INDUCTOR)
PACKAGE AX300X100031
PACKAGEPROP VALUE '50'
PACKAGEPROP HEIGHT '1.0000000'
CLASS IC
PINCOUNT 2
END
Wed Jul 17 14:36:11 2019				Page    40

Parsing device file: 'C:/Users/user/Desktop/work/orcad/samples/layout_samples_r02/layout_samples_r02/democ/inductor.txt'.


(DEVICE DESCRIPTION FILE: INDUCTOR)
PACKAGE AX300X100031
PACKAGEPROP VALUE '50'
PACKAGEPROP HEIGHT '1.0000000'
CLASS IC
PINCOUNT 2
END
Wed Jul 17 14:36:11 2019				Page    41

Parsing device file: 'C:/Users/user/Desktop/work/orcad/samples/layout_samples_r02/layout_samples_r02/democ/inductor.txt'.


(DEVICE DESCRIPTION FILE: INDUCTOR)
PACKAGE AX300X100031
PACKAGEPROP VALUE '50'
PACKAGEPROP HEIGHT '1.0000000'
CLASS IC
PINCOUNT 2
END
Wed Jul 17 14:36:11 2019				Page    42

Parsing device file: 'C:/Users/user/Desktop/work/orcad/samples/layout_samples_r02/layout_samples_r02/democ/mthole1.txt'.


(DEVICE DESCRIPTION FILE: MTHOLE1)
PACKAGE MTHOLE1
PACKAGEPROP HEIGHT '1.0000000'
CLASS IC
PINCOUNT 1
END
Wed Jul 17 14:36:11 2019				Page    43

Parsing device file: 'C:/Users/user/Desktop/work/orcad/samples/layout_samples_r02/layout_samples_r02/democ/mthole1.txt'.


(DEVICE DESCRIPTION FILE: MTHOLE1)
PACKAGE MTHOLE1
PACKAGEPROP HEIGHT '1.0000000'
CLASS IC
PINCOUNT 1
END
Wed Jul 17 14:36:11 2019				Page    44

Parsing device file: 'C:/Users/user/Desktop/work/orcad/samples/layout_samples_r02/layout_samples_r02/democ/mthole1.txt'.


(DEVICE DESCRIPTION FILE: MTHOLE1)
PACKAGE MTHOLE1
PACKAGEPROP HEIGHT '1.0000000'
CLASS IC
PINCOUNT 1
END
Wed Jul 17 14:36:11 2019				Page    45

Parsing device file: 'C:/Users/user/Desktop/work/orcad/samples/layout_samples_r02/layout_samples_r02/democ/r.txt'.


(DEVICE DESCRIPTION FILE: R)
PACKAGE SMC0805
PACKAGEPROP VALUE '150'
PACKAGEPROP HEIGHT '1.0000000'
PACKAGEPROP ALT_SYMBOLS '(SMR0805)'
CLASS IC
PINCOUNT 2
END
Wed Jul 17 14:36:11 2019				Page    46

Parsing device file: 'C:/Users/user/Desktop/work/orcad/samples/layout_samples_r02/layout_samples_r02/democ/r.txt'.


(DEVICE DESCRIPTION FILE: R)
PACKAGE SMC0805
PACKAGEPROP VALUE '150'
PACKAGEPROP HEIGHT '1.0000000'
PACKAGEPROP ALT_SYMBOLS '(SMR0805)'
CLASS IC
PINCOUNT 2
END
Wed Jul 17 14:36:11 2019				Page    47

Parsing device file: 'C:/Users/user/Desktop/work/orcad/samples/layout_samples_r02/layout_samples_r02/democ/r.txt'.


(DEVICE DESCRIPTION FILE: R)
PACKAGE SMC0805
PACKAGEPROP VALUE '150'
PACKAGEPROP HEIGHT '1.0000000'
PACKAGEPROP ALT_SYMBOLS '(SMR0805)'
CLASS IC
PINCOUNT 2
END
Wed Jul 17 14:36:11 2019				Page    48

Parsing device file: 'C:/Users/user/Desktop/work/orcad/samples/layout_samples_r02/layout_samples_r02/democ/r.txt'.


(DEVICE DESCRIPTION FILE: R)
PACKAGE SMC0805
PACKAGEPROP VALUE '150'
PACKAGEPROP HEIGHT '1.0000000'
PACKAGEPROP ALT_SYMBOLS '(SMR0805)'
CLASS IC
PINCOUNT 2
END
Wed Jul 17 14:36:11 2019				Page    49

Parsing device file: 'C:/Users/user/Desktop/work/orcad/samples/layout_samples_r02/layout_samples_r02/democ/r.txt'.


(DEVICE DESCRIPTION FILE: R)
PACKAGE SMC0805
PACKAGEPROP VALUE '150'
PACKAGEPROP HEIGHT '1.0000000'
PACKAGEPROP ALT_SYMBOLS '(SMR0805)'
CLASS IC
PINCOUNT 2
END
Wed Jul 17 14:36:11 2019				Page    50

Parsing device file: 'C:/Users/user/Desktop/work/orcad/samples/layout_samples_r02/layout_samples_r02/democ/r.txt'.


(DEVICE DESCRIPTION FILE: R)
PACKAGE SMC0805
PACKAGEPROP VALUE '150'
PACKAGEPROP HEIGHT '1.0000000'
PACKAGEPROP ALT_SYMBOLS '(SMR0805)'
CLASS IC
PINCOUNT 2
END
Wed Jul 17 14:36:11 2019				Page    51

Parsing device file: 'C:/Users/user/Desktop/work/orcad/samples/layout_samples_r02/layout_samples_r02/democ/r.txt'.


(DEVICE DESCRIPTION FILE: R)
PACKAGE SMC0805
PACKAGEPROP VALUE '150'
PACKAGEPROP HEIGHT '1.0000000'
PACKAGEPROP ALT_SYMBOLS '(SMR0805)'
CLASS IC
PINCOUNT 2
END
Wed Jul 17 14:36:11 2019				Page    52

Parsing device file: 'C:/Users/user/Desktop/work/orcad/samples/layout_samples_r02/layout_samples_r02/democ/r.txt'.


(DEVICE DESCRIPTION FILE: R)
PACKAGE SMC0805
PACKAGEPROP VALUE '150'
PACKAGEPROP HEIGHT '1.0000000'
PACKAGEPROP ALT_SYMBOLS '(SMR0805)'
CLASS IC
PINCOUNT 2
END
Wed Jul 17 14:36:11 2019				Page    53

Parsing device file: 'C:/Users/user/Desktop/work/orcad/samples/layout_samples_r02/layout_samples_r02/democ/r.txt'.


(DEVICE DESCRIPTION FILE: R)
PACKAGE SMC0805
PACKAGEPROP VALUE '150'
PACKAGEPROP HEIGHT '1.0000000'
PACKAGEPROP ALT_SYMBOLS '(SMR0805)'
CLASS IC
PINCOUNT 2
END
Wed Jul 17 14:36:11 2019				Page    54

Parsing device file: 'C:/Users/user/Desktop/work/orcad/samples/layout_samples_r02/layout_samples_r02/democ/r.txt'.


(DEVICE DESCRIPTION FILE: R)
PACKAGE SMC0805
PACKAGEPROP VALUE '150'
PACKAGEPROP HEIGHT '1.0000000'
PACKAGEPROP ALT_SYMBOLS '(SMR0805)'
CLASS IC
PINCOUNT 2
END
Wed Jul 17 14:36:11 2019				Page    55

Parsing device file: 'C:/Users/user/Desktop/work/orcad/samples/layout_samples_r02/layout_samples_r02/democ/r.txt'.


(DEVICE DESCRIPTION FILE: R)
PACKAGE SMC0805
PACKAGEPROP VALUE '150'
PACKAGEPROP HEIGHT '1.0000000'
PACKAGEPROP ALT_SYMBOLS '(SMR0805)'
CLASS IC
PINCOUNT 2
END
Wed Jul 17 14:36:11 2019				Page    56

Parsing device file: 'C:/Users/user/Desktop/work/orcad/samples/layout_samples_r02/layout_samples_r02/democ/r.txt'.


(DEVICE DESCRIPTION FILE: R)
PACKAGE SMC0805
PACKAGEPROP VALUE '150'
PACKAGEPROP HEIGHT '1.0000000'
PACKAGEPROP ALT_SYMBOLS '(SMR0805)'
CLASS IC
PINCOUNT 2
END
Wed Jul 17 14:36:11 2019				Page    57

Parsing device file: 'C:/Users/user/Desktop/work/orcad/samples/layout_samples_r02/layout_samples_r02/democ/r.txt'.


(DEVICE DESCRIPTION FILE: R)
PACKAGE SMC0805
PACKAGEPROP VALUE '150'
PACKAGEPROP HEIGHT '1.0000000'
PACKAGEPROP ALT_SYMBOLS '(SMR0805)'
CLASS IC
PINCOUNT 2
END
Wed Jul 17 14:36:11 2019				Page    58

Parsing device file: 'C:/Users/user/Desktop/work/orcad/samples/layout_samples_r02/layout_samples_r02/democ/r.txt'.


(DEVICE DESCRIPTION FILE: R)
PACKAGE SMC0805
PACKAGEPROP VALUE '150'
PACKAGEPROP HEIGHT '1.0000000'
PACKAGEPROP ALT_SYMBOLS '(SMR0805)'
CLASS IC
PINCOUNT 2
END
Wed Jul 17 14:36:11 2019				Page    59

Parsing device file: 'C:/Users/user/Desktop/work/orcad/samples/layout_samples_r02/layout_samples_r02/democ/r.txt'.


(DEVICE DESCRIPTION FILE: R)
PACKAGE SMC0805
PACKAGEPROP VALUE '150'
PACKAGEPROP HEIGHT '1.0000000'
PACKAGEPROP ALT_SYMBOLS '(SMR0805)'
CLASS IC
PINCOUNT 2
END
Wed Jul 17 14:36:11 2019				Page    60

Parsing device file: 'C:/Users/user/Desktop/work/orcad/samples/layout_samples_r02/layout_samples_r02/democ/r.txt'.


(DEVICE DESCRIPTION FILE: R)
PACKAGE SMC0805
PACKAGEPROP VALUE '150'
PACKAGEPROP HEIGHT '1.0000000'
PACKAGEPROP ALT_SYMBOLS '(SMR0805)'
CLASS IC
PINCOUNT 2
END
Wed Jul 17 14:36:11 2019				Page    61

Parsing device file: 'C:/Users/user/Desktop/work/orcad/samples/layout_samples_r02/layout_samples_r02/democ/r.txt'.


(DEVICE DESCRIPTION FILE: R)
PACKAGE SMC0805
PACKAGEPROP VALUE '150'
PACKAGEPROP HEIGHT '1.0000000'
PACKAGEPROP ALT_SYMBOLS '(SMR0805)'
CLASS IC
PINCOUNT 2
END
Wed Jul 17 14:36:11 2019				Page    62

Parsing device file: 'C:/Users/user/Desktop/work/orcad/samples/layout_samples_r02/layout_samples_r02/democ/tlc5602a.txt'.


(DEVICE DESCRIPTION FILE: TLC5602A)
PACKAGE SOJ05020WB400L550
PACKAGEPROP HEIGHT '1.0000000'
CLASS IC
PINCOUNT 20
END
Wed Jul 17 14:36:11 2019				Page    63

Parsing device file: 'C:/Users/user/Desktop/work/orcad/samples/layout_samples_r02/layout_samples_r02/democ/tlc5602a.txt'.


(DEVICE DESCRIPTION FILE: TLC5602A)
PACKAGE SOJ05020WB400L550
PACKAGEPROP HEIGHT '1.0000000'
CLASS IC
PINCOUNT 20
END
Wed Jul 17 14:36:11 2019				Page    64

Parsing device file: 'C:/Users/user/Desktop/work/orcad/samples/layout_samples_r02/layout_samples_r02/democ/tc56b4257j.txt'.


(DEVICE DESCRIPTION FILE: TC56B4257J)
PACKAGE SOJ05032WB400L850
PACKAGEPROP HEIGHT '1.0000000'
CLASS IC
PINCOUNT 32
END
Wed Jul 17 14:36:11 2019				Page    65

Parsing device file: 'C:/Users/user/Desktop/work/orcad/samples/layout_samples_r02/layout_samples_r02/democ/tc56b4257j.txt'.


(DEVICE DESCRIPTION FILE: TC56B4257J)
PACKAGE SOJ05032WB400L850
PACKAGEPROP HEIGHT '1.0000000'
CLASS IC
PINCOUNT 32
END
Wed Jul 17 14:36:11 2019				Page    66

Parsing device file: 'C:/Users/user/Desktop/work/orcad/samples/layout_samples_r02/layout_samples_r02/democ/dg419a.txt'.


(DEVICE DESCRIPTION FILE: DG419A)
PACKAGE SOG0508WG244L225
PACKAGEPROP HEIGHT '1.0000000'
CLASS IC
PINCOUNT 8
END
Wed Jul 17 14:36:11 2019				Page    67

Parsing device file: 'C:/Users/user/Desktop/work/orcad/samples/layout_samples_r02/layout_samples_r02/democ/dg419a.txt'.


(DEVICE DESCRIPTION FILE: DG419A)
PACKAGE SOG0508WG244L225
PACKAGEPROP HEIGHT '1.0000000'
CLASS IC
PINCOUNT 8
END
Wed Jul 17 14:36:11 2019				Page    68

Parsing device file: 'C:/Users/user/Desktop/work/orcad/samples/layout_samples_r02/layout_samples_r02/democ/20l10.txt'.


(DEVICE DESCRIPTION FILE: 20L10)
PACKAGE DIP10024W300L1250
PACKAGEPROP VALUE '20L10'
PACKAGEPROP HEIGHT '1.0000000'
CLASS IC
PINCOUNT 24
END
Wed Jul 17 14:36:11 2019				Page    69

Parsing device file: 'C:/Users/user/Desktop/work/orcad/samples/layout_samples_r02/layout_samples_r02/democ/tc56b4257j.txt'.


(DEVICE DESCRIPTION FILE: TC56B4257J)
PACKAGE SOJ05032WB400L850
PACKAGEPROP HEIGHT '1.0000000'
CLASS IC
PINCOUNT 32
END
Wed Jul 17 14:36:11 2019				Page    70

Parsing device file: 'C:/Users/user/Desktop/work/orcad/samples/layout_samples_r02/layout_samples_r02/democ/tc56b4257j.txt'.


(DEVICE DESCRIPTION FILE: TC56B4257J)
PACKAGE SOJ05032WB400L850
PACKAGEPROP HEIGHT '1.0000000'
CLASS IC
PINCOUNT 32
END
Wed Jul 17 14:36:11 2019				Page    71

Parsing device file: 'C:/Users/user/Desktop/work/orcad/samples/layout_samples_r02/layout_samples_r02/democ/tc56b4257j.txt'.


(DEVICE DESCRIPTION FILE: TC56B4257J)
PACKAGE SOJ05032WB400L850
PACKAGEPROP HEIGHT '1.0000000'
CLASS IC
PINCOUNT 32
END
Wed Jul 17 14:36:11 2019				Page    72

Parsing device file: 'C:/Users/user/Desktop/work/orcad/samples/layout_samples_r02/layout_samples_r02/democ/tc56b4257j.txt'.


(DEVICE DESCRIPTION FILE: TC56B4257J)
PACKAGE SOJ05032WB400L850
PACKAGEPROP HEIGHT '1.0000000'
CLASS IC
PINCOUNT 32
END
Wed Jul 17 14:36:11 2019				Page    73

Parsing device file: 'C:/Users/user/Desktop/work/orcad/samples/layout_samples_r02/layout_samples_r02/democ/tc56b4257j.txt'.


(DEVICE DESCRIPTION FILE: TC56B4257J)
PACKAGE SOJ05032WB400L850
PACKAGEPROP HEIGHT '1.0000000'
CLASS IC
PINCOUNT 32
END
Wed Jul 17 14:36:11 2019				Page    74

Parsing device file: 'C:/Users/user/Desktop/work/orcad/samples/layout_samples_r02/layout_samples_r02/democ/tc56b4257j.txt'.


(DEVICE DESCRIPTION FILE: TC56B4257J)
PACKAGE SOJ05032WB400L850
PACKAGEPROP HEIGHT '1.0000000'
CLASS IC
PINCOUNT 32
END
Wed Jul 17 14:36:11 2019				Page    75

Parsing device file: 'C:/Users/user/Desktop/work/orcad/samples/layout_samples_r02/layout_samples_r02/democ/act574.txt'.


(DEVICE DESCRIPTION FILE: ACT574)
PACKAGE SOJ05020WB350L550
PACKAGEPROP HEIGHT '1.0000000'
PACKAGEPROP ALT_SYMBOLS '(SOJ05020WB400L550)'
CLASS IC
PINCOUNT 20
END
Wed Jul 17 14:36:11 2019				Page    76

Parsing device file: 'C:/Users/user/Desktop/work/orcad/samples/layout_samples_r02/layout_samples_r02/democ/act574.txt'.


(DEVICE DESCRIPTION FILE: ACT574)
PACKAGE SOJ05020WB350L550
PACKAGEPROP HEIGHT '1.0000000'
PACKAGEPROP ALT_SYMBOLS '(SOJ05020WB400L550)'
CLASS IC
PINCOUNT 20
END
Wed Jul 17 14:36:11 2019				Page    77

Parsing device file: 'C:/Users/user/Desktop/work/orcad/samples/layout_samples_r02/layout_samples_r02/democ/fpga_0.txt'.


(DEVICE DESCRIPTION FILE: FPGA_0)
PACKAGE PLCC84
PACKAGEPROP HEIGHT '1.0000000'
CLASS IC
PINCOUNT 84
END
Wed Jul 17 14:36:11 2019				Page    78

Parsing device file: 'C:/Users/user/Desktop/work/orcad/samples/layout_samples_r02/layout_samples_r02/democ/act574.txt'.


(DEVICE DESCRIPTION FILE: ACT574)
PACKAGE SOJ05020WB350L550
PACKAGEPROP HEIGHT '1.0000000'
PACKAGEPROP ALT_SYMBOLS '(SOJ05020WB400L550)'
CLASS IC
PINCOUNT 20
END
Wed Jul 17 14:36:11 2019				Page    79

Parsing device file: 'C:/Users/user/Desktop/work/orcad/samples/layout_samples_r02/layout_samples_r02/democ/epc1064.txt'.


(DEVICE DESCRIPTION FILE: EPC1064)
PACKAGE DIP1008W300L550
PACKAGEPROP HEIGHT '1.0000000'
CLASS IC
PINCOUNT 8
END
Wed Jul 17 14:36:11 2019				Page    80

Parsing device file: 'C:/Users/user/Desktop/work/orcad/samples/layout_samples_r02/layout_samples_r02/democ/fct16245.txt'.


(DEVICE DESCRIPTION FILE: FCT16245)
PACKAGE SOG02548WG420L650
PACKAGEPROP HEIGHT '1.0000000'
CLASS IC
PINCOUNT 48
END
Wed Jul 17 14:36:11 2019				Page    81

Parsing device file: 'C:/Users/user/Desktop/work/orcad/samples/layout_samples_r02/layout_samples_r02/democ/fct16245.txt'.


(DEVICE DESCRIPTION FILE: FCT16245)
PACKAGE SOG02548WG420L650
PACKAGEPROP HEIGHT '1.0000000'
CLASS IC
PINCOUNT 48
END
Wed Jul 17 14:36:11 2019				Page    82

Parsing device file: 'C:/Users/user/Desktop/work/orcad/samples/layout_samples_r02/layout_samples_r02/democ/fct16245.txt'.


(DEVICE DESCRIPTION FILE: FCT16245)
PACKAGE SOG02548WG420L650
PACKAGEPROP HEIGHT '1.0000000'
CLASS IC
PINCOUNT 48
END
Wed Jul 17 14:36:11 2019				Page    83

Parsing device file: 'C:/Users/user/Desktop/work/orcad/samples/layout_samples_r02/layout_samples_r02/democ/tle2037a.txt'.


(DEVICE DESCRIPTION FILE: TLE2037A)
PACKAGE TO-99
PACKAGEPROP HEIGHT '1.0000000'
CLASS IC
PINCOUNT 8
END
Wed Jul 17 14:36:11 2019				Page    84

Parsing device file: 'C:/Users/user/Desktop/work/orcad/samples/layout_samples_r02/layout_samples_r02/democ/tle2037a.txt'.


(DEVICE DESCRIPTION FILE: TLE2037A)
PACKAGE TO-99
PACKAGEPROP HEIGHT '1.0000000'
CLASS IC
PINCOUNT 8
END
Wed Jul 17 14:36:11 2019				Page    85

Parsing device file: 'C:/Users/user/Desktop/work/orcad/samples/layout_samples_r02/layout_samples_r02/democ/74act574.txt'.


(DEVICE DESCRIPTION FILE: 74ACT574)
PACKAGE SOJ05020WB350L550
PACKAGEPROP VALUE '74ACT574'
PACKAGEPROP HEIGHT '1.0000000'
CLASS IC
PINCOUNT 20
END


===========================================================

Total Device File Warnings =  0.
Total Device File Errors   =  0.

===========================================================

Total Combined Netlist and Device File Warnings =  8.
Total Combined Netlist and Device File Errors   =  0.

===========================================================
End of Allegro NETLIST IN Log
===========================================================
