Wed Sep 20 15:58:27 UserDiv from Layout.INI for AutoECO: 60
Wed Sep 20 15:58:27 Loaded file C:\ORCAD_DATA\BAB2\AVRUSB500\LAYOUT\LAYOUT\AVRUSB500.MAX
Wed Sep 20 15:58:27 Loaded file C:\Cadence\SPB_15.7\tools\Layout_Plus\library\BCON100T.llb
Wed Sep 20 15:58:27 Loaded file C:\Cadence\SPB_15.7\tools\Layout_Plus\library\BCON156T.llb
Wed Sep 20 15:58:27 Loaded file C:\Cadence\SPB_15.7\tools\Layout_Plus\library\BGA.llb
Wed Sep 20 15:58:27 Loaded file C:\Cadence\SPB_15.7\tools\Layout_Plus\library\CLCC.llb
Wed Sep 20 15:58:27 Loaded file C:\Cadence\SPB_15.7\tools\Layout_Plus\library\DCON050T.llb
Wed Sep 20 15:58:27 Loaded file C:\Cadence\SPB_15.7\tools\Layout_Plus\library\DCON085T.llb
Wed Sep 20 15:58:27 Loaded file C:\Cadence\SPB_15.7\tools\Layout_Plus\library\DIMM050F.llb
Wed Sep 20 15:58:27 Loaded file C:\Cadence\SPB_15.7\tools\Layout_Plus\library\DIMM050T.llb
Wed Sep 20 15:58:27 Loaded file C:\Cadence\SPB_15.7\tools\Layout_Plus\library\DIN.llb
Wed Sep 20 15:58:27 Loaded file C:\Cadence\SPB_15.7\tools\Layout_Plus\library\DIP100B.llb
Wed Sep 20 15:58:27 Loaded file C:\Cadence\SPB_15.7\tools\Layout_Plus\library\DIP100T.llb
Wed Sep 20 15:58:27 Loaded file C:\Cadence\SPB_15.7\tools\Layout_Plus\library\DSUBT.llb
Wed Sep 20 15:58:27 Loaded file C:\Cadence\SPB_15.7\tools\Layout_Plus\library\DSUBT_HD.LLB
Wed Sep 20 15:58:27 Loaded file C:\Cadence\SPB_15.7\tools\Layout_Plus\library\ECON100T.llb
Wed Sep 20 15:58:27 Loaded file C:\Cadence\SPB_15.7\tools\Layout_Plus\library\FBUS.llb
Wed Sep 20 15:58:27 Loaded file C:\Cadence\SPB_15.7\tools\Layout_Plus\library\ISA.llb
Wed Sep 20 15:58:27 Loaded file C:\Cadence\SPB_15.7\tools\Layout_Plus\library\JUMPER.LLB
Wed Sep 20 15:58:28 Loaded file C:\Cadence\SPB_15.7\tools\Layout_Plus\library\LAYOUT.llb
Wed Sep 20 15:58:28 Loaded file C:\Cadence\SPB_15.7\tools\Layout_Plus\library\LCON100T.llb
Wed Sep 20 15:58:28 Loaded file C:\Cadence\SPB_15.7\tools\Layout_Plus\library\PC104.llb
Wed Sep 20 15:58:28 Loaded file C:\Cadence\SPB_15.7\tools\Layout_Plus\library\PCI.llb
Wed Sep 20 15:58:28 Loaded file C:\Cadence\SPB_15.7\tools\Layout_Plus\library\PCON100T.llb
Wed Sep 20 15:58:28 Loaded file C:\Cadence\SPB_15.7\tools\Layout_Plus\library\PCON156T.llb
Wed Sep 20 15:58:28 Loaded file C:\Cadence\SPB_15.7\tools\Layout_Plus\library\PGA.llb
Wed Sep 20 15:58:28 Loaded file C:\Cadence\SPB_15.7\tools\Layout_Plus\library\PLCC.llb
Wed Sep 20 15:58:28 Loaded file C:\Cadence\SPB_15.7\tools\Layout_Plus\library\QUAD.llb
Wed Sep 20 15:58:28 Loaded file C:\Cadence\SPB_15.7\tools\Layout_Plus\library\QUADB.llb
Wed Sep 20 15:58:28 Loaded file C:\Cadence\SPB_15.7\tools\Layout_Plus\library\RELAY.llb
Wed Sep 20 15:58:28 Loaded file C:\Cadence\SPB_15.7\tools\Layout_Plus\library\RF.llb
Wed Sep 20 15:58:28 Loaded file C:\Cadence\SPB_15.7\tools\Layout_Plus\library\SBUS.llb
Wed Sep 20 15:58:28 Loaded file C:\Cadence\SPB_15.7\tools\Layout_Plus\library\SIMM050F.llb
Wed Sep 20 15:58:28 Loaded file C:\Cadence\SPB_15.7\tools\Layout_Plus\library\SIMM050T.llb
Wed Sep 20 15:58:28 Loaded file C:\Cadence\SPB_15.7\tools\Layout_Plus\library\SIMM100F.llb
Wed Sep 20 15:58:28 Loaded file C:\Cadence\SPB_15.7\tools\Layout_Plus\library\SIMM100T.llb
Wed Sep 20 15:58:28 Loaded file C:\Cadence\SPB_15.7\tools\Layout_Plus\library\SIP.llb
Wed Sep 20 15:58:28 Loaded file C:\Cadence\SPB_15.7\tools\Layout_Plus\library\SM.llb
Wed Sep 20 15:58:28 Loaded file C:\Cadence\SPB_15.7\tools\Layout_Plus\library\SOG.llb
Wed Sep 20 15:58:28 Loaded file C:\Cadence\SPB_15.7\tools\Layout_Plus\library\SOJ.llb
Wed Sep 20 15:58:28 Loaded file C:\Cadence\SPB_15.7\tools\Layout_Plus\library\STIFF.llb
Wed Sep 20 15:58:28 Loaded file C:\Cadence\SPB_15.7\tools\Layout_Plus\library\TELE.llb
Wed Sep 20 15:58:28 Loaded file C:\Cadence\SPB_15.7\tools\Layout_Plus\library\TM_AXIAL.llb
Wed Sep 20 15:58:28 Loaded file C:\Cadence\SPB_15.7\tools\Layout_Plus\library\TM_CAP_P.llb
Wed Sep 20 15:58:28 Loaded file C:\Cadence\SPB_15.7\tools\Layout_Plus\library\TM_CYLND.llb
Wed Sep 20 15:58:28 Loaded file C:\Cadence\SPB_15.7\tools\Layout_Plus\library\TM_DIODE.llb
Wed Sep 20 15:58:28 Loaded file C:\Cadence\SPB_15.7\tools\Layout_Plus\library\TM_DISC.llb
Wed Sep 20 15:58:28 Loaded file C:\Cadence\SPB_15.7\tools\Layout_Plus\library\TM_RAD.llb
Wed Sep 20 15:58:28 Loaded file C:\Cadence\SPB_15.7\tools\Layout_Plus\library\TO.llb
Wed Sep 20 15:58:28 Loaded file C:\Cadence\SPB_15.7\tools\Layout_Plus\library\TRAINING.LLB
Wed Sep 20 15:58:28 Loaded file C:\Cadence\SPB_15.7\tools\Layout_Plus\library\VRES.llb
Wed Sep 20 15:58:28 Loaded file C:\Cadence\SPB_15.7\tools\Layout_Plus\library\WCON100T.llb
Wed Sep 20 15:58:28 Loaded file C:\Cadence\SPB_15.7\tools\Layout_Plus\library\XT.llb
Wed Sep 20 15:58:28 Loaded file C:\Cadence\SPB_15.7\tools\Layout_Plus\library\ZIGZAG.llb
Wed Sep 20 15:58:32 Saved as file C:\ORCAD_DATA\BAB2\AVRUSB500\LAYOUT\LAYOUT\AVRUSB500-1.MAX
Wed Sep 20 16:01:29 Saved as file C:\ORCAD_DATA\BAB2\AVRUSB500\LAYOUT\LAYOUT\AVRUSB500-1.MAX
Wed Sep 20 16:02:43 Saved as file ~undo.max
Wed Sep 20 16:03:33 Saved as file ~undo.max
Wed Sep 20 16:03:48 Saved as file ~undo.max
Wed Sep 20 16:04:32 Saved as file ~undo.max
Wed Sep 20 16:05:00 Saved as file ~undo.max
Wed Sep 20 16:05:21 Saved as file ~undo.max
Wed Sep 20 16:05:33 Saved as file ~undo.max
Wed Sep 20 16:05:45 Saved as file C:\ORCAD_DATA\BAB2\AVRUSB500\LAYOUT\LAYOUT\AVRUSB500-1.MAX
Wed Sep 20 16:06:04 Saved as file C:\ORCAD_DATA\BAB2\AVRUSB500\LAYOUT\LAYOUT\AVRUSB500-1.MAX
Wed Sep 20 16:06:30 Saved as file C:\ORCAD_DATA\BAB2\AVRUSB500\LAYOUT\LAYOUT\AVRUSB500-1.MAX
Wed Sep 20 16:07:46 Saved as file ~undo.max
Wed Sep 20 16:07:59 Saved as file C:\ORCAD_DATA\BAB2\AVRUSB500\LAYOUT\LAYOUT\AVRUSB500-1.MAX
Wed Sep 20 16:08:07 Saved as file C:\ORCAD_DATA\BAB2\AVRUSB500\LAYOUT\LAYOUT\AVRUSB500-1.MAX
Wed Sep 20 16:14:58 Saved as file BACKUP1.MAX
Wed Sep 20 16:14:58 Saved as file C:\ORCAD_DATA\BAB2\PCB\AVRUSB500\LAYOUT\LAYOUT\AVRUSB500-1.MAX
Wed Sep 20 16:15:19 UserDiv from Layout.INI for AutoECO: 60
Wed Sep 20 16:15:19 Loaded file C:\ORCAD_DATA\BAB2\PCB\AVRUSB500\LAYOUT\LAYOUT\AVRUSB500.MAX
Wed Sep 20 16:15:19 Loaded file C:\CADENCE\SPB_15.7\TOOLS\LAYOUT_PLUS\library\BCON100T.llb
Wed Sep 20 16:15:19 Loaded file C:\CADENCE\SPB_15.7\TOOLS\LAYOUT_PLUS\library\BCON156T.llb
Wed Sep 20 16:15:19 Loaded file C:\CADENCE\SPB_15.7\TOOLS\LAYOUT_PLUS\library\BGA.llb
Wed Sep 20 16:15:19 Loaded file C:\CADENCE\SPB_15.7\TOOLS\LAYOUT_PLUS\library\CLCC.llb
Wed Sep 20 16:15:19 Loaded file C:\CADENCE\SPB_15.7\TOOLS\LAYOUT_PLUS\library\DCON050T.llb
Wed Sep 20 16:15:19 Loaded file C:\CADENCE\SPB_15.7\TOOLS\LAYOUT_PLUS\library\DCON085T.llb
Wed Sep 20 16:15:19 Loaded file C:\CADENCE\SPB_15.7\TOOLS\LAYOUT_PLUS\library\DIMM050F.llb
Wed Sep 20 16:15:19 Loaded file C:\CADENCE\SPB_15.7\TOOLS\LAYOUT_PLUS\library\DIMM050T.llb
Wed Sep 20 16:15:19 Loaded file C:\CADENCE\SPB_15.7\TOOLS\LAYOUT_PLUS\library\DIN.llb
Wed Sep 20 16:15:19 Loaded file C:\CADENCE\SPB_15.7\TOOLS\LAYOUT_PLUS\library\DIP100B.llb
Wed Sep 20 16:15:19 Loaded file C:\CADENCE\SPB_15.7\TOOLS\LAYOUT_PLUS\library\DIP100T.llb
Wed Sep 20 16:15:19 Loaded file C:\CADENCE\SPB_15.7\TOOLS\LAYOUT_PLUS\library\DSUBT.llb
Wed Sep 20 16:15:19 Loaded file C:\CADENCE\SPB_15.7\TOOLS\LAYOUT_PLUS\library\DSUBT_HD.LLB
Wed Sep 20 16:15:19 Loaded file C:\CADENCE\SPB_15.7\TOOLS\LAYOUT_PLUS\library\ECON100T.llb
Wed Sep 20 16:15:19 Loaded file C:\CADENCE\SPB_15.7\TOOLS\LAYOUT_PLUS\library\FBUS.llb
Wed Sep 20 16:15:19 Loaded file C:\CADENCE\SPB_15.7\TOOLS\LAYOUT_PLUS\library\ISA.llb
Wed Sep 20 16:15:19 Loaded file C:\CADENCE\SPB_15.7\TOOLS\LAYOUT_PLUS\library\JUMPER.LLB
Wed Sep 20 16:15:19 Loaded file C:\CADENCE\SPB_15.7\TOOLS\LAYOUT_PLUS\library\LAYOUT.llb
Wed Sep 20 16:15:19 Loaded file C:\CADENCE\SPB_15.7\TOOLS\LAYOUT_PLUS\library\LCON100T.llb
Wed Sep 20 16:15:19 Loaded file C:\CADENCE\SPB_15.7\TOOLS\LAYOUT_PLUS\library\PC104.llb
Wed Sep 20 16:15:19 Loaded file C:\CADENCE\SPB_15.7\TOOLS\LAYOUT_PLUS\library\PCI.llb
Wed Sep 20 16:15:19 Loaded file C:\CADENCE\SPB_15.7\TOOLS\LAYOUT_PLUS\library\PCON100T.llb
Wed Sep 20 16:15:19 Loaded file C:\CADENCE\SPB_15.7\TOOLS\LAYOUT_PLUS\library\PCON156T.llb
Wed Sep 20 16:15:19 Loaded file C:\CADENCE\SPB_15.7\TOOLS\LAYOUT_PLUS\library\PGA.llb
Wed Sep 20 16:15:19 Loaded file C:\CADENCE\SPB_15.7\TOOLS\LAYOUT_PLUS\library\PLCC.llb
Wed Sep 20 16:15:19 Loaded file C:\CADENCE\SPB_15.7\TOOLS\LAYOUT_PLUS\library\QUAD.llb
Wed Sep 20 16:15:19 Loaded file C:\CADENCE\SPB_15.7\TOOLS\LAYOUT_PLUS\library\QUADB.llb
Wed Sep 20 16:15:20 Loaded file C:\CADENCE\SPB_15.7\TOOLS\LAYOUT_PLUS\library\RELAY.llb
Wed Sep 20 16:15:20 Loaded file C:\CADENCE\SPB_15.7\TOOLS\LAYOUT_PLUS\library\RF.llb
Wed Sep 20 16:15:20 Loaded file C:\CADENCE\SPB_15.7\TOOLS\LAYOUT_PLUS\library\SBUS.llb
Wed Sep 20 16:15:20 Loaded file C:\CADENCE\SPB_15.7\TOOLS\LAYOUT_PLUS\library\SIMM050F.llb
Wed Sep 20 16:15:20 Loaded file C:\CADENCE\SPB_15.7\TOOLS\LAYOUT_PLUS\library\SIMM050T.llb
Wed Sep 20 16:15:20 Loaded file C:\CADENCE\SPB_15.7\TOOLS\LAYOUT_PLUS\library\SIMM100F.llb
Wed Sep 20 16:15:20 Loaded file C:\CADENCE\SPB_15.7\TOOLS\LAYOUT_PLUS\library\SIMM100T.llb
Wed Sep 20 16:15:20 Loaded file C:\CADENCE\SPB_15.7\TOOLS\LAYOUT_PLUS\library\SIP.llb
Wed Sep 20 16:15:20 Loaded file C:\CADENCE\SPB_15.7\TOOLS\LAYOUT_PLUS\library\SM.llb
Wed Sep 20 16:15:20 Loaded file C:\CADENCE\SPB_15.7\TOOLS\LAYOUT_PLUS\library\SOG.llb
Wed Sep 20 16:15:20 Loaded file C:\CADENCE\SPB_15.7\TOOLS\LAYOUT_PLUS\library\SOJ.llb
Wed Sep 20 16:15:20 Loaded file C:\CADENCE\SPB_15.7\TOOLS\LAYOUT_PLUS\library\STIFF.llb
Wed Sep 20 16:15:20 Loaded file C:\CADENCE\SPB_15.7\TOOLS\LAYOUT_PLUS\library\TELE.llb
Wed Sep 20 16:15:20 Loaded file C:\CADENCE\SPB_15.7\TOOLS\LAYOUT_PLUS\library\TM_AXIAL.llb
Wed Sep 20 16:15:20 Loaded file C:\CADENCE\SPB_15.7\TOOLS\LAYOUT_PLUS\library\TM_CAP_P.llb
Wed Sep 20 16:15:20 Loaded file C:\CADENCE\SPB_15.7\TOOLS\LAYOUT_PLUS\library\TM_CYLND.llb
Wed Sep 20 16:15:20 Loaded file C:\CADENCE\SPB_15.7\TOOLS\LAYOUT_PLUS\library\TM_DIODE.llb
Wed Sep 20 16:15:20 Loaded file C:\CADENCE\SPB_15.7\TOOLS\LAYOUT_PLUS\library\TM_DISC.llb
Wed Sep 20 16:15:20 Loaded file C:\CADENCE\SPB_15.7\TOOLS\LAYOUT_PLUS\library\TM_RAD.llb
Wed Sep 20 16:15:20 Loaded file C:\CADENCE\SPB_15.7\TOOLS\LAYOUT_PLUS\library\TO.llb
Wed Sep 20 16:15:20 Loaded file C:\CADENCE\SPB_15.7\TOOLS\LAYOUT_PLUS\library\TRAINING.LLB
Wed Sep 20 16:15:20 Loaded file C:\CADENCE\SPB_15.7\TOOLS\LAYOUT_PLUS\library\VRES.llb
Wed Sep 20 16:15:20 Loaded file C:\CADENCE\SPB_15.7\TOOLS\LAYOUT_PLUS\library\WCON100T.llb
Wed Sep 20 16:15:20 Loaded file C:\CADENCE\SPB_15.7\TOOLS\LAYOUT_PLUS\library\XT.llb
Wed Sep 20 16:15:20 Loaded file C:\CADENCE\SPB_15.7\TOOLS\LAYOUT_PLUS\library\ZIGZAG.llb
Wed Sep 20 16:15:21 Saved as file C:\ORCAD_DATA\BAB2\PCB\AVRUSB500\LAYOUT\LAYOUT\AVRUSB500-1.MAX
Wed Sep 20 16:15:21 Loaded file C:\ORCAD_DATA\BAB2\PCB\AVRUSB500\LAYOUT\LAYOUT\AVRUSB500-1.MAX
Wed Sep 20 16:15:39 Saved as file C:\ORCAD_DATA\BAB2\PCB\AVRUSB500\LAYOUT\LAYOUT\AVRUSB500-1.MAX
Wed Sep 20 16:16:46 Saved as file BACKUP1.MAX
Wed Sep 20 16:16:46 Saved as file C:\ORCAD_DATA\BAB2\PCB\AVRUSB500\LAYOUT\LAYOUT\AVRUSB500-1.MAX
Wed Sep 20 16:16:56 Saved as file C:\ORCAD_DATA\BAB2\PCB\AVRUSB500\LAYOUT\LAYOUT\AVRUSB500-1.MAX
Wed Sep 20 16:17:02 Saved as file BACKUP1.MAX
Wed Sep 20 16:17:02 Saved as file C:\ORCAD_DATA\BAB2\PCB\AVRUSB500\LAYOUT\LAYOUT\AVRUSB500-1.MAX
Wed Sep 20 16:17:16 Saved as file BACKUP1.MAX
Wed Sep 20 16:17:16 Saved as file C:\ORCAD_DATA\BAB2\PCB\AVRUSB500\LAYOUT\LAYOUT\AVRUSB500-1.MAX
Wed Sep 20 16:17:24 UserDiv from Layout.INI for AutoECO: 60
Wed Sep 20 16:17:24 Loaded file C:\ORCAD_DATA\BAB2\PCB\AVRUSB500\LAYOUT\LAYOUT\AVRUSB500-1.MAX
Wed Sep 20 16:17:24 Loaded file C:\CADENCE\SPB_15.7\TOOLS\LAYOUT_PLUS\library\BCON100T.llb
Wed Sep 20 16:17:24 Loaded file C:\CADENCE\SPB_15.7\TOOLS\LAYOUT_PLUS\library\BCON156T.llb
Wed Sep 20 16:17:24 Loaded file C:\CADENCE\SPB_15.7\TOOLS\LAYOUT_PLUS\library\BGA.llb
Wed Sep 20 16:17:24 Loaded file C:\CADENCE\SPB_15.7\TOOLS\LAYOUT_PLUS\library\CLCC.llb
Wed Sep 20 16:17:24 Loaded file C:\CADENCE\SPB_15.7\TOOLS\LAYOUT_PLUS\library\DCON050T.llb
Wed Sep 20 16:17:24 Loaded file C:\CADENCE\SPB_15.7\TOOLS\LAYOUT_PLUS\library\DCON085T.llb
Wed Sep 20 16:17:24 Loaded file C:\CADENCE\SPB_15.7\TOOLS\LAYOUT_PLUS\library\DIMM050F.llb
Wed Sep 20 16:17:24 Loaded file C:\CADENCE\SPB_15.7\TOOLS\LAYOUT_PLUS\library\DIMM050T.llb
Wed Sep 20 16:17:24 Loaded file C:\CADENCE\SPB_15.7\TOOLS\LAYOUT_PLUS\library\DIN.llb
Wed Sep 20 16:17:24 Loaded file C:\CADENCE\SPB_15.7\TOOLS\LAYOUT_PLUS\library\DIP100B.llb
Wed Sep 20 16:17:24 Loaded file C:\CADENCE\SPB_15.7\TOOLS\LAYOUT_PLUS\library\DIP100T.llb
Wed Sep 20 16:17:25 Loaded file C:\CADENCE\SPB_15.7\TOOLS\LAYOUT_PLUS\library\DSUBT.llb
Wed Sep 20 16:17:25 Loaded file C:\CADENCE\SPB_15.7\TOOLS\LAYOUT_PLUS\library\DSUBT_HD.LLB
Wed Sep 20 16:17:25 Loaded file C:\CADENCE\SPB_15.7\TOOLS\LAYOUT_PLUS\library\ECON100T.llb
Wed Sep 20 16:17:25 Loaded file C:\CADENCE\SPB_15.7\TOOLS\LAYOUT_PLUS\library\FBUS.llb
Wed Sep 20 16:17:25 Loaded file C:\CADENCE\SPB_15.7\TOOLS\LAYOUT_PLUS\library\ISA.llb
Wed Sep 20 16:17:25 Loaded file C:\CADENCE\SPB_15.7\TOOLS\LAYOUT_PLUS\library\JUMPER.LLB
Wed Sep 20 16:17:25 Loaded file C:\CADENCE\SPB_15.7\TOOLS\LAYOUT_PLUS\library\LAYOUT.llb
Wed Sep 20 16:17:25 Loaded file C:\CADENCE\SPB_15.7\TOOLS\LAYOUT_PLUS\library\LCON100T.llb
Wed Sep 20 16:17:25 Loaded file C:\CADENCE\SPB_15.7\TOOLS\LAYOUT_PLUS\library\PC104.llb
Wed Sep 20 16:17:25 Loaded file C:\CADENCE\SPB_15.7\TOOLS\LAYOUT_PLUS\library\PCI.llb
Wed Sep 20 16:17:25 Loaded file C:\CADENCE\SPB_15.7\TOOLS\LAYOUT_PLUS\library\PCON100T.llb
Wed Sep 20 16:17:25 Loaded file C:\CADENCE\SPB_15.7\TOOLS\LAYOUT_PLUS\library\PCON156T.llb
Wed Sep 20 16:17:25 Loaded file C:\CADENCE\SPB_15.7\TOOLS\LAYOUT_PLUS\library\PGA.llb
Wed Sep 20 16:17:25 Loaded file C:\CADENCE\SPB_15.7\TOOLS\LAYOUT_PLUS\library\PLCC.llb
Wed Sep 20 16:17:25 Loaded file C:\CADENCE\SPB_15.7\TOOLS\LAYOUT_PLUS\library\QUAD.llb
Wed Sep 20 16:17:25 Loaded file C:\CADENCE\SPB_15.7\TOOLS\LAYOUT_PLUS\library\QUADB.llb
Wed Sep 20 16:17:25 Loaded file C:\CADENCE\SPB_15.7\TOOLS\LAYOUT_PLUS\library\RELAY.llb
Wed Sep 20 16:17:25 Loaded file C:\CADENCE\SPB_15.7\TOOLS\LAYOUT_PLUS\library\RF.llb
Wed Sep 20 16:17:25 Loaded file C:\CADENCE\SPB_15.7\TOOLS\LAYOUT_PLUS\library\SBUS.llb
Wed Sep 20 16:17:25 Loaded file C:\CADENCE\SPB_15.7\TOOLS\LAYOUT_PLUS\library\SIMM050F.llb
Wed Sep 20 16:17:25 Loaded file C:\CADENCE\SPB_15.7\TOOLS\LAYOUT_PLUS\library\SIMM050T.llb
Wed Sep 20 16:17:25 Loaded file C:\CADENCE\SPB_15.7\TOOLS\LAYOUT_PLUS\library\SIMM100F.llb
Wed Sep 20 16:17:25 Loaded file C:\CADENCE\SPB_15.7\TOOLS\LAYOUT_PLUS\library\SIMM100T.llb
Wed Sep 20 16:17:25 Loaded file C:\CADENCE\SPB_15.7\TOOLS\LAYOUT_PLUS\library\SIP.llb
Wed Sep 20 16:17:25 Loaded file C:\CADENCE\SPB_15.7\TOOLS\LAYOUT_PLUS\library\SM.llb
Wed Sep 20 16:17:25 Loaded file C:\CADENCE\SPB_15.7\TOOLS\LAYOUT_PLUS\library\SOG.llb
Wed Sep 20 16:17:25 Loaded file C:\CADENCE\SPB_15.7\TOOLS\LAYOUT_PLUS\library\SOJ.llb
Wed Sep 20 16:17:25 Loaded file C:\CADENCE\SPB_15.7\TOOLS\LAYOUT_PLUS\library\STIFF.llb
Wed Sep 20 16:17:25 Loaded file C:\CADENCE\SPB_15.7\TOOLS\LAYOUT_PLUS\library\TELE.llb
Wed Sep 20 16:17:25 Loaded file C:\CADENCE\SPB_15.7\TOOLS\LAYOUT_PLUS\library\TM_AXIAL.llb
Wed Sep 20 16:17:25 Loaded file C:\CADENCE\SPB_15.7\TOOLS\LAYOUT_PLUS\library\TM_CAP_P.llb
Wed Sep 20 16:17:25 Loaded file C:\CADENCE\SPB_15.7\TOOLS\LAYOUT_PLUS\library\TM_CYLND.llb
Wed Sep 20 16:17:25 Loaded file C:\CADENCE\SPB_15.7\TOOLS\LAYOUT_PLUS\library\TM_DIODE.llb
Wed Sep 20 16:17:25 Loaded file C:\CADENCE\SPB_15.7\TOOLS\LAYOUT_PLUS\library\TM_DISC.llb
Wed Sep 20 16:17:25 Loaded file C:\CADENCE\SPB_15.7\TOOLS\LAYOUT_PLUS\library\TM_RAD.llb
Wed Sep 20 16:17:25 Loaded file C:\CADENCE\SPB_15.7\TOOLS\LAYOUT_PLUS\library\TO.llb
Wed Sep 20 16:17:25 Loaded file C:\CADENCE\SPB_15.7\TOOLS\LAYOUT_PLUS\library\TRAINING.LLB
Wed Sep 20 16:17:25 Loaded file C:\CADENCE\SPB_15.7\TOOLS\LAYOUT_PLUS\library\VRES.llb
Wed Sep 20 16:17:25 Loaded file C:\CADENCE\SPB_15.7\TOOLS\LAYOUT_PLUS\library\WCON100T.llb
Wed Sep 20 16:17:25 Loaded file C:\CADENCE\SPB_15.7\TOOLS\LAYOUT_PLUS\library\XT.llb
Wed Sep 20 16:17:25 Loaded file C:\CADENCE\SPB_15.7\TOOLS\LAYOUT_PLUS\library\ZIGZAG.llb
Wed Sep 20 16:17:26 Saved as file C:\ORCAD_DATA\BAB2\PCB\AVRUSB500\LAYOUT\LAYOUT\AVRUSB500-1.MAX
Wed Sep 20 16:17:26 Loaded file C:\ORCAD_DATA\BAB2\PCB\AVRUSB500\LAYOUT\LAYOUT\AVRUSB500-1.MAX
Wed Sep 20 16:17:32 Loaded file C:\Cadence\SPB_15.7\tools\Layout_Plus\data\template.imp
Wed Sep 20 16:17:32 Loaded file C:\Cadence\SPB_15.7\tools\Layout_Plus\data\template.imp
Wed Sep 20 16:17:34 Saved as file C:\ORCAD_DATA\BAB2\PCB\AVRUSB500\LAYOUT\LAYOUT\AVRUSB500-1.MAX
